<?xml version="1.0" encoding="UTF-8"?>
<!-- Generated by org.testng.reporters.JUnitXMLReporter -->
<testsuite hostname="nvginws168" ignored="0" name="Shipment Module" tests="3" failures="0" timestamp="11 Jan 2019 09:27:15 GMT" time="311.537" errors="0">
  <testcase name="globalSearch" time="36.299" classname="com.qa.shipment.testcase.SearchpageTest"/>
  <testcase name="shipmentnumberSearch" time="27.594" classname="com.qa.shipment.testcase.SearchpageTest"/>
  <testcase name="shipmentCreation" time="135.05" classname="com.qa.shipment.testcase.MaintenancepageTest"/>
</testsuite> <!-- Shipment Module -->
