<?xml version="1.0" encoding="UTF-8"?>
<testng-results skipped="0" failed="0" ignored="0" total="1" passed="1">
  <reporter-output>
  </reporter-output>
  <suite name="Default suite" duration-ms="11714" started-at="2019-01-03T13:24:02Z" finished-at="2019-01-03T13:24:14Z">
    <groups>
    </groups>
    <test name="Default test" duration-ms="11714" started-at="2019-01-03T13:24:02Z" finished-at="2019-01-03T13:24:14Z">
      <class name="com.qa.shipment.testcase.LoginPageTest">
        <test-method status="PASS" signature="setup()[pri:0, instance:com.qa.shipment.testcase.LoginPageTest@5622fdf]" name="setup" is-config="true" duration-ms="11093" started-at="2019-01-03T13:24:02Z" finished-at="2019-01-03T13:24:13Z">
          <reporter-output>
          </reporter-output>
        </test-method> <!-- setup -->
        <test-method status="PASS" signature="validateURL()[pri:0, instance:com.qa.shipment.testcase.LoginPageTest@5622fdf]" name="validateURL" duration-ms="7" started-at="2019-01-03T13:24:13Z" finished-at="2019-01-03T13:24:13Z">
          <reporter-output>
          </reporter-output>
        </test-method> <!-- validateURL -->
        <test-method status="PASS" signature="teardown()[pri:0, instance:com.qa.shipment.testcase.LoginPageTest@5622fdf]" name="teardown" is-config="true" duration-ms="587" started-at="2019-01-03T13:24:13Z" finished-at="2019-01-03T13:24:14Z">
          <reporter-output>
          </reporter-output>
        </test-method> <!-- teardown -->
      </class> <!-- com.qa.shipment.testcase.LoginPageTest -->
    </test> <!-- Default test -->
  </suite> <!-- Default suite -->
</testng-results>
